2023-06-29 15:53:46.836  INFO 5168 --- [restartedMain] m.MoviebookingappMicroserviceApplication : Starting MoviebookingappMicroserviceApplication using Java 17.0.2 on LTIN356709 with PID 5168 (C:\Users\2095949\Downloads\movieappbackendsql\movie-sql1\moviebookingapp-microservice\target\classes started by 2095949 in C:\Users\2095949\Downloads\movieappbackendsql\movie-sql1\moviebookingapp-microservice)
2023-06-29 15:53:46.852  INFO 5168 --- [restartedMain] m.MoviebookingappMicroserviceApplication : No active profile set, falling back to 1 default profile: "default"
2023-06-29 15:53:46.958  INFO 5168 --- [restartedMain] .e.DevToolsPropertyDefaultsPostProcessor : Devtools property defaults active! Set 'spring.devtools.add-properties' to 'false' to disable
2023-06-29 15:53:46.959  INFO 5168 --- [restartedMain] .e.DevToolsPropertyDefaultsPostProcessor : For additional web related logging consider setting the 'logging.level.web' property to 'DEBUG'
2023-06-29 15:53:49.079  INFO 5168 --- [restartedMain] .s.d.r.c.RepositoryConfigurationDelegate : Bootstrapping Spring Data JPA repositories in DEFAULT mode.
2023-06-29 15:53:49.226  INFO 5168 --- [restartedMain] .s.d.r.c.RepositoryConfigurationDelegate : Finished Spring Data repository scanning in 131 ms. Found 2 JPA repository interfaces.
2023-06-29 15:53:50.297  INFO 5168 --- [restartedMain] o.s.b.w.embedded.tomcat.TomcatWebServer  : Tomcat initialized with port(s): 8083 (http)
2023-06-29 15:53:50.313  INFO 5168 --- [restartedMain] o.apache.catalina.core.StandardService   : Starting service [Tomcat]
2023-06-29 15:53:50.316  INFO 5168 --- [restartedMain] org.apache.catalina.core.StandardEngine  : Starting Servlet engine: [Apache Tomcat/9.0.60]
2023-06-29 15:53:50.490  INFO 5168 --- [restartedMain] o.a.c.c.C.[Tomcat].[localhost].[/]       : Initializing Spring embedded WebApplicationContext
2023-06-29 15:53:50.491  INFO 5168 --- [restartedMain] w.s.c.ServletWebServerApplicationContext : Root WebApplicationContext: initialization completed in 3531 ms
2023-06-29 15:53:50.764  INFO 5168 --- [restartedMain] com.zaxxer.hikari.HikariDataSource       : HikariPool-1 - Starting...
2023-06-29 15:53:50.984  INFO 5168 --- [restartedMain] com.zaxxer.hikari.HikariDataSource       : HikariPool-1 - Start completed.
2023-06-29 15:53:50.994  INFO 5168 --- [restartedMain] o.s.b.a.h2.H2ConsoleAutoConfiguration    : H2 console available at '/h2-console'. Database available at 'jdbc:h2:mem:testdb'
2023-06-29 15:53:51.353  INFO 5168 --- [restartedMain] o.hibernate.jpa.internal.util.LogHelper  : HHH000204: Processing PersistenceUnitInfo [name: default]
2023-06-29 15:53:51.456  INFO 5168 --- [restartedMain] org.hibernate.Version                    : HHH000412: Hibernate ORM core version 5.4.33
2023-06-29 15:53:51.732  INFO 5168 --- [restartedMain] o.hibernate.annotations.common.Version   : HCANN000001: Hibernate Commons Annotations {5.1.2.Final}
2023-06-29 15:53:52.008  INFO 5168 --- [restartedMain] org.hibernate.dialect.Dialect            : HHH000400: Using dialect: org.hibernate.dialect.H2Dialect
2023-06-29 15:53:53.124  INFO 5168 --- [restartedMain] o.h.e.t.j.p.i.JtaPlatformInitiator       : HHH000490: Using JtaPlatform implementation: [org.hibernate.engine.transaction.jta.platform.internal.NoJtaPlatform]
2023-06-29 15:53:53.140  INFO 5168 --- [restartedMain] j.LocalContainerEntityManagerFactoryBean : Initialized JPA EntityManagerFactory for persistence unit 'default'
2023-06-29 15:53:54.168  WARN 5168 --- [restartedMain] JpaBaseConfiguration$JpaWebConfiguration : spring.jpa.open-in-view is enabled by default. Therefore, database queries may be performed during view rendering. Explicitly configure spring.jpa.open-in-view to disable this warning
2023-06-29 15:53:56.434  INFO 5168 --- [restartedMain] o.s.b.d.a.OptionalLiveReloadServer       : LiveReload server is running on port 35729
2023-06-29 15:53:56.443  INFO 5168 --- [restartedMain] o.s.b.a.e.web.EndpointLinksResolver      : Exposing 15 endpoint(s) beneath base path '/actuator'
2023-06-29 15:53:56.556  INFO 5168 --- [restartedMain] o.s.b.w.embedded.tomcat.TomcatWebServer  : Tomcat started on port(s): 8083 (http) with context path ''
2023-06-29 15:53:56.588  INFO 5168 --- [restartedMain] m.MoviebookingappMicroserviceApplication : Started MoviebookingappMicroserviceApplication in 10.559 seconds (JVM running for 12.086)
2023-06-29 15:54:34.327  INFO 5168 --- [RMI TCP Connection(2)-127.0.0.1] inMXBeanRegistrar$SpringApplicationAdmin : Application shutdown requested.
2023-06-29 15:54:34.358  INFO 5168 --- [RMI TCP Connection(2)-127.0.0.1] j.LocalContainerEntityManagerFactoryBean : Closing JPA EntityManagerFactory for persistence unit 'default'
2023-06-29 15:54:34.359  INFO 5168 --- [RMI TCP Connection(2)-127.0.0.1] .SchemaDropperImpl$DelayedDropActionImpl : HHH000477: Starting delayed evictData of schema as part of SessionFactory shut-down'
2023-06-29 15:54:34.582  WARN 5168 --- [RMI TCP Connection(2)-127.0.0.1] o.s.b.f.support.DisposableBeanAdapter    : Invocation of destroy method failed on bean with name 'inMemoryDatabaseShutdownExecutor': org.h2.jdbc.JdbcSQLNonTransientConnectionException: Database is already closed (to disable automatic closing at VM shutdown, add ";DB_CLOSE_ON_EXIT=FALSE" to the db URL) [90121-200]
2023-06-29 15:54:34.584  INFO 5168 --- [RMI TCP Connection(2)-127.0.0.1] com.zaxxer.hikari.HikariDataSource       : HikariPool-1 - Shutdown initiated...
2023-06-29 15:54:34.594  INFO 5168 --- [RMI TCP Connection(2)-127.0.0.1] com.zaxxer.hikari.HikariDataSource       : HikariPool-1 - Shutdown completed.
2023-06-29 16:51:12.262  INFO 18008 --- [restartedMain] m.MoviebookingappMicroserviceApplication : Starting MoviebookingappMicroserviceApplication using Java 17.0.2 on LTIN356709 with PID 18008 (C:\Users\2095949\Downloads\movieappbackendsql\movie-sql1\moviebookingapp-microservice\target\classes started by 2095949 in C:\Users\2095949\Downloads\movieappbackendsql\movie-sql1\moviebookingapp-microservice)
2023-06-29 16:51:12.268  INFO 18008 --- [restartedMain] m.MoviebookingappMicroserviceApplication : No active profile set, falling back to 1 default profile: "default"
2023-06-29 16:51:12.357  INFO 18008 --- [restartedMain] .e.DevToolsPropertyDefaultsPostProcessor : Devtools property defaults active! Set 'spring.devtools.add-properties' to 'false' to disable
2023-06-29 16:51:12.357  INFO 18008 --- [restartedMain] .e.DevToolsPropertyDefaultsPostProcessor : For additional web related logging consider setting the 'logging.level.web' property to 'DEBUG'
2023-06-29 16:51:13.667  INFO 18008 --- [restartedMain] .s.d.r.c.RepositoryConfigurationDelegate : Bootstrapping Spring Data JPA repositories in DEFAULT mode.
2023-06-29 16:51:13.767  INFO 18008 --- [restartedMain] .s.d.r.c.RepositoryConfigurationDelegate : Finished Spring Data repository scanning in 88 ms. Found 2 JPA repository interfaces.
2023-06-29 16:51:14.466  INFO 18008 --- [restartedMain] o.s.b.w.embedded.tomcat.TomcatWebServer  : Tomcat initialized with port(s): 8083 (http)
2023-06-29 16:51:14.479  INFO 18008 --- [restartedMain] o.apache.catalina.core.StandardService   : Starting service [Tomcat]
2023-06-29 16:51:14.480  INFO 18008 --- [restartedMain] org.apache.catalina.core.StandardEngine  : Starting Servlet engine: [Apache Tomcat/9.0.60]
2023-06-29 16:51:14.581  INFO 18008 --- [restartedMain] o.a.c.c.C.[Tomcat].[localhost].[/]       : Initializing Spring embedded WebApplicationContext
2023-06-29 16:51:14.581  INFO 18008 --- [restartedMain] w.s.c.ServletWebServerApplicationContext : Root WebApplicationContext: initialization completed in 2223 ms
2023-06-29 16:51:14.713  INFO 18008 --- [restartedMain] com.zaxxer.hikari.HikariDataSource       : HikariPool-1 - Starting...
2023-06-29 16:51:14.853  INFO 18008 --- [restartedMain] com.zaxxer.hikari.HikariDataSource       : HikariPool-1 - Start completed.
2023-06-29 16:51:14.857  INFO 18008 --- [restartedMain] o.s.b.a.h2.H2ConsoleAutoConfiguration    : H2 console available at '/h2-console'. Database available at 'jdbc:h2:mem:testdb'
2023-06-29 16:51:15.043  INFO 18008 --- [restartedMain] o.hibernate.jpa.internal.util.LogHelper  : HHH000204: Processing PersistenceUnitInfo [name: default]
2023-06-29 16:51:15.113  INFO 18008 --- [restartedMain] org.hibernate.Version                    : HHH000412: Hibernate ORM core version 5.4.33
2023-06-29 16:51:15.290  INFO 18008 --- [restartedMain] o.hibernate.annotations.common.Version   : HCANN000001: Hibernate Commons Annotations {5.1.2.Final}
2023-06-29 16:51:15.426  INFO 18008 --- [restartedMain] org.hibernate.dialect.Dialect            : HHH000400: Using dialect: org.hibernate.dialect.H2Dialect
2023-06-29 16:51:16.093  INFO 18008 --- [restartedMain] o.h.e.t.j.p.i.JtaPlatformInitiator       : HHH000490: Using JtaPlatform implementation: [org.hibernate.engine.transaction.jta.platform.internal.NoJtaPlatform]
2023-06-29 16:51:16.102  INFO 18008 --- [restartedMain] j.LocalContainerEntityManagerFactoryBean : Initialized JPA EntityManagerFactory for persistence unit 'default'
2023-06-29 16:51:16.560  WARN 18008 --- [restartedMain] JpaBaseConfiguration$JpaWebConfiguration : spring.jpa.open-in-view is enabled by default. Therefore, database queries may be performed during view rendering. Explicitly configure spring.jpa.open-in-view to disable this warning
2023-06-29 16:51:17.666  WARN 18008 --- [restartedMain] o.s.b.d.a.OptionalLiveReloadServer       : Unable to start LiveReload server
2023-06-29 16:51:17.675  INFO 18008 --- [restartedMain] o.s.b.a.e.web.EndpointLinksResolver      : Exposing 15 endpoint(s) beneath base path '/actuator'
2023-06-29 16:51:17.732  INFO 18008 --- [restartedMain] o.s.b.w.embedded.tomcat.TomcatWebServer  : Tomcat started on port(s): 8083 (http) with context path ''
2023-06-29 16:51:17.748  INFO 18008 --- [restartedMain] m.MoviebookingappMicroserviceApplication : Started MoviebookingappMicroserviceApplication in 6.04 seconds (JVM running for 6.827)
2023-06-29 18:44:58.915  INFO 18008 --- [RMI TCP Connection(2)-127.0.0.1] inMXBeanRegistrar$SpringApplicationAdmin : Application shutdown requested.
2023-06-29 18:44:58.953  INFO 18008 --- [RMI TCP Connection(2)-127.0.0.1] j.LocalContainerEntityManagerFactoryBean : Closing JPA EntityManagerFactory for persistence unit 'default'
2023-06-29 18:44:58.954  INFO 18008 --- [RMI TCP Connection(2)-127.0.0.1] .SchemaDropperImpl$DelayedDropActionImpl : HHH000477: Starting delayed evictData of schema as part of SessionFactory shut-down'
2023-06-29 18:44:59.187  WARN 18008 --- [RMI TCP Connection(2)-127.0.0.1] o.s.b.f.support.DisposableBeanAdapter    : Invocation of destroy method failed on bean with name 'inMemoryDatabaseShutdownExecutor': org.h2.jdbc.JdbcSQLNonTransientConnectionException: Database is already closed (to disable automatic closing at VM shutdown, add ";DB_CLOSE_ON_EXIT=FALSE" to the db URL) [90121-200]
2023-06-29 18:44:59.189  INFO 18008 --- [RMI TCP Connection(2)-127.0.0.1] com.zaxxer.hikari.HikariDataSource       : HikariPool-1 - Shutdown initiated...
2023-06-29 18:44:59.199  INFO 18008 --- [RMI TCP Connection(2)-127.0.0.1] com.zaxxer.hikari.HikariDataSource       : HikariPool-1 - Shutdown completed.
